
           ####    G N O M   ---   Version 4.6                       ####

                                                  Thu Jul 23 15:55:56 2009
           ===    Run No   1   ===
 Run title:   Merge of: 0.7fh1213_64 3.5fh1213_61


  Number of points omitted at the end:         749

          To optimize the performance, some input data points 
           have been joined. New number of points equals to 400

   *******    Input file(s) : merfh1213.dat
           Condition P(rmin) = 0 is used. 
           Condition P(rmax) = 0 is used. 

          Highest ALPHA is found to be   0.5701E+00

  The measure of inconsistency AN1 equals to    0.1403E+01

          Warning: using the chosen range in the real space 
             it is not possible to fit the data set within the
             given error band. 
     Alpha    Discrp  Oscill  Stabil  Sysdev  Positv  Valcen    Total   
  0.5701E+03 10.6291  1.4191  0.3068  0.0852  1.0000  0.7860  0.28498
  0.1140E+03  3.9656  1.3143  0.1265  0.1955  1.0000  0.8179  0.41052
  0.2281E+02  1.3580  1.3375  0.0442  0.6617  1.0000  0.8258  0.54462
  0.4561E+01  0.6936  1.3775  0.0175  0.7920  1.0000  0.8254  0.65393
  0.9122E+00  0.6235  1.3946  0.0082  0.8020  1.0000  0.8251  0.65136
  0.1824E+00  0.6144  1.4097  0.0100  0.8120  1.0000  0.8262  0.65019
  0.3649E-01  0.6119  1.4284  0.0049  0.8221  0.9999  0.8272  0.65161
  0.7298E-02  0.6116  1.4374  0.0046  0.8221  0.9999  0.8271  0.64853
  0.1460E-02  0.6115  1.4481  0.0152  0.8221  0.9998  0.8258  0.64059
  0.2919E-03  0.6114  1.5934  0.0617  0.8221  0.9997  0.8210  0.53266
  0.5838E-04  0.6111  2.8502  0.1739  0.8221  0.9975  0.8033  0.23675
  0.1168E-04  0.6107  5.2062  0.2416  0.8221  0.9854  0.7729  0.19989
  0.2335E-05  0.6104  7.8723  0.5158  0.8221  0.9469  0.5617  0.17246
  0.4671E-06  0.6096 11.0052  0.6706  0.8221  0.8201  0.4216  0.11263
  0.9341E-07  0.6083 12.6182  0.4128  0.8221  0.7517  0.3695  0.10478
  0.1868E-07  0.6073 15.2700  0.8408  0.8221  0.7218  0.3836  0.00000

          ***  Golden section search to maximize estimate ***
     Alpha    Discrp  Oscill  Stabil  Sysdev  Positv  Valcen    Total   
  0.8434E+01  0.8165  1.3652  0.0262  0.8221  1.0000  0.8258  0.65529
  0.1233E+02  0.9605  1.3555  0.0325  0.7820  1.0000  0.8259  0.60123
  0.6669E+01  0.7566  1.3704  0.0226  0.8321  1.0000  0.8256  0.67284
  0.5768E+01  0.7283  1.3733  0.0205  0.8321  1.0000  0.8255  0.67556
  0.5274E+01  0.7135  1.3750  0.0193  0.8120  1.0000  0.8255  0.66260
  0.6097E+01  0.7384  1.3722  0.0213  0.8321  1.0000  0.8256  0.67476
  0.5574E+01  0.7224  1.3740  0.0201  0.8321  1.0000  0.8255  0.67594
  0.5457E+01  0.7189  1.3744  0.0198  0.8321  1.0000  0.8255  0.67614
  0.5386E+01  0.7168  1.3746  0.0196  0.8120  1.0000  0.8255  0.66245
  0.5502E+01  0.7202  1.3742  0.0199  0.8321  1.0000  0.8255  0.67606
  0.5430E+01  0.7181  1.3745  0.0197  0.8221  1.0000  0.8255  0.66863
  0.5474E+01  0.7194  1.3743  0.0198  0.8321  1.0000  0.8255  0.67611
  0.5447E+01  0.7186  1.3744  0.0198  0.8321  1.0000  0.8255  0.67615
  0.5440E+01  0.7184  1.3744  0.0198  0.8221  1.0000  0.8255  0.66861
  0.5447E+01  0.7186  1.3744  0.0198  0.8321  1.0000  0.8255  0.67615



             ####            Final results            ####

 Parameter    DISCRP    OSCILL    STABIL    SYSDEV    POSITV    VALCEN
 Weight        1.000     3.000     3.000     3.000     1.000     1.000
 Sigma         0.300     0.600     0.120     0.120     0.120     0.120
 Ideal         0.700     1.100     0.000     1.000     1.000     0.950
 Current       0.719     1.374     0.020     0.832     1.000     0.825
                - - - - - - - - - - - - - - - - - - - - - - - - - 
 Estimate      0.996     0.811     0.973     0.141     1.000     0.341

  Angular   range    :     from    0.3054   to    3.0610
  Real space range   :     from      0.00   to      7.10

  Highest ALPHA (theor) :   0.570E+03                 JOB = 0
  Current ALPHA         :   0.545E+01   Rg :  0.216E+01   I(0) :   0.202E+00

           Total  estimate : 0.676  which is  A REASONABLE  solution

      S          J EXP       ERROR       J REG       I REG

  0.0000E+00                                      0.2017E+00
  0.1091E-01                                      0.2017E+00
  0.2181E-01                                      0.2016E+00
  0.3272E-01                                      0.2014E+00
  0.4363E-01                                      0.2011E+00
  0.5454E-01                                      0.2008E+00
  0.6544E-01                                      0.2004E+00
  0.7635E-01                                      0.1999E+00
  0.8726E-01                                      0.1994E+00
  0.9816E-01                                      0.1987E+00
  0.1091E+00                                      0.1980E+00
  0.1200E+00                                      0.1973E+00
  0.1309E+00                                      0.1964E+00
  0.1418E+00                                      0.1955E+00
  0.1527E+00                                      0.1945E+00
  0.1636E+00                                      0.1935E+00
  0.1745E+00                                      0.1924E+00
  0.1854E+00                                      0.1912E+00
  0.1963E+00                                      0.1900E+00
  0.2072E+00                                      0.1887E+00
  0.2181E+00                                      0.1873E+00
  0.2290E+00                                      0.1859E+00
  0.2400E+00                                      0.1844E+00
  0.2509E+00                                      0.1829E+00
  0.2618E+00                                      0.1814E+00
  0.2727E+00                                      0.1797E+00
  0.2836E+00                                      0.1781E+00
  0.2945E+00                                      0.1763E+00
  0.3054E+00  0.1597E+00  0.4936E-02  0.1746E+00  0.1746E+00
  0.3123E+00  0.1626E+00  0.4669E-02  0.1735E+00  0.1735E+00
  0.3192E+00  0.1740E+00  0.4511E-02  0.1723E+00  0.1723E+00
  0.3261E+00  0.1691E+00  0.4381E-02  0.1711E+00  0.1711E+00
  0.3330E+00  0.1693E+00  0.4253E-02  0.1700E+00  0.1700E+00
  0.3399E+00  0.1705E+00  0.4113E-02  0.1688E+00  0.1688E+00
  0.3468E+00  0.1701E+00  0.4034E-02  0.1675E+00  0.1675E+00
  0.3537E+00  0.1575E+00  0.3930E-02  0.1663E+00  0.1663E+00
  0.3606E+00  0.1555E+00  0.3819E-02  0.1651E+00  0.1651E+00
  0.3675E+00  0.1667E+00  0.3740E-02  0.1638E+00  0.1638E+00
  0.3744E+00  0.1563E+00  0.3678E-02  0.1626E+00  0.1626E+00
  0.3813E+00  0.1630E+00  0.3592E-02  0.1613E+00  0.1613E+00
  0.3882E+00  0.1632E+00  0.3516E-02  0.1600E+00  0.1600E+00
  0.3951E+00  0.1649E+00  0.3456E-02  0.1587E+00  0.1587E+00
  0.4020E+00  0.1659E+00  0.3407E-02  0.1574E+00  0.1574E+00
  0.4089E+00  0.1578E+00  0.3336E-02  0.1561E+00  0.1561E+00
  0.4158E+00  0.1581E+00  0.3281E-02  0.1548E+00  0.1548E+00
  0.4227E+00  0.1481E+00  0.3224E-02  0.1534E+00  0.1534E+00
  0.4296E+00  0.1505E+00  0.3171E-02  0.1521E+00  0.1521E+00
  0.4365E+00  0.1471E+00  0.3135E-02  0.1508E+00  0.1508E+00
  0.4434E+00  0.1434E+00  0.3085E-02  0.1494E+00  0.1494E+00
  0.4503E+00  0.1375E+00  0.3046E-02  0.1480E+00  0.1480E+00
  0.4572E+00  0.1405E+00  0.2995E-02  0.1467E+00  0.1467E+00
  0.4641E+00  0.1454E+00  0.2967E-02  0.1453E+00  0.1453E+00
  0.4710E+00  0.1414E+00  0.2921E-02  0.1439E+00  0.1439E+00
  0.4779E+00  0.1501E+00  0.2901E-02  0.1426E+00  0.1426E+00
  0.4848E+00  0.1445E+00  0.2861E-02  0.1412E+00  0.1412E+00
  0.4917E+00  0.1375E+00  0.2836E-02  0.1398E+00  0.1398E+00
  0.4986E+00  0.1364E+00  0.2800E-02  0.1384E+00  0.1384E+00
  0.5055E+00  0.1398E+00  0.2752E-02  0.1370E+00  0.1370E+00
  0.5124E+00  0.1424E+00  0.2729E-02  0.1356E+00  0.1356E+00
  0.5193E+00  0.1427E+00  0.2705E-02  0.1343E+00  0.1343E+00
  0.5262E+00  0.1368E+00  0.2681E-02  0.1329E+00  0.1329E+00
  0.5331E+00  0.1373E+00  0.2651E-02  0.1315E+00  0.1315E+00
  0.5400E+00  0.1313E+00  0.2623E-02  0.1301E+00  0.1301E+00
  0.5469E+00  0.1305E+00  0.2611E-02  0.1287E+00  0.1287E+00
  0.5538E+00  0.1330E+00  0.2577E-02  0.1273E+00  0.1273E+00
  0.5607E+00  0.1302E+00  0.2562E-02  0.1259E+00  0.1259E+00
  0.5676E+00  0.1206E+00  0.2535E-02  0.1246E+00  0.1246E+00
  0.5745E+00  0.1215E+00  0.2510E-02  0.1232E+00  0.1232E+00
  0.5814E+00  0.1161E+00  0.2488E-02  0.1218E+00  0.1218E+00
  0.5883E+00  0.1204E+00  0.2474E-02  0.1204E+00  0.1204E+00
  0.5952E+00  0.1181E+00  0.2451E-02  0.1191E+00  0.1191E+00
  0.6021E+00  0.1235E+00  0.2432E-02  0.1177E+00  0.1177E+00
  0.6090E+00  0.1347E+00  0.2408E-02  0.1163E+00  0.1163E+00
  0.6159E+00  0.1130E+00  0.2392E-02  0.1150E+00  0.1150E+00
  0.6228E+00  0.1190E+00  0.2371E-02  0.1137E+00  0.1137E+00
  0.6297E+00  0.1092E+00  0.2356E-02  0.1123E+00  0.1123E+00
  0.6366E+00  0.1090E+00  0.2335E-02  0.1110E+00  0.1110E+00
  0.6435E+00  0.1144E+00  0.2327E-02  0.1097E+00  0.1097E+00
  0.6504E+00  0.1065E+00  0.2299E-02  0.1083E+00  0.1083E+00
  0.6573E+00  0.1120E+00  0.2287E-02  0.1070E+00  0.1070E+00
  0.6642E+00  0.1086E+00  0.2275E-02  0.1057E+00  0.1057E+00
  0.6711E+00  0.1091E+00  0.2248E-02  0.1044E+00  0.1044E+00
  0.6780E+00  0.1082E+00  0.2232E-02  0.1032E+00  0.1032E+00
  0.6849E+00  0.1071E+00  0.2225E-02  0.1019E+00  0.1019E+00
  0.6918E+00  0.1057E+00  0.2206E-02  0.1006E+00  0.1006E+00
  0.6987E+00  0.1009E+00  0.2200E-02  0.9936E-01  0.9936E-01
  0.7056E+00  0.9828E-01  0.2184E-02  0.9811E-01  0.9811E-01
  0.7125E+00  0.9333E-01  0.2165E-02  0.9687E-01  0.9687E-01
  0.7194E+00  0.9561E-01  0.2156E-02  0.9565E-01  0.9565E-01
  0.7263E+00  0.9711E-01  0.2142E-02  0.9443E-01  0.9443E-01
  0.7332E+00  0.9748E-01  0.2125E-02  0.9322E-01  0.9322E-01
  0.7401E+00  0.9437E-01  0.2117E-02  0.9203E-01  0.9203E-01
  0.7470E+00  0.9576E-01  0.2103E-02  0.9085E-01  0.9085E-01
  0.7539E+00  0.9115E-01  0.2091E-02  0.8968E-01  0.8968E-01
  0.7608E+00  0.9275E-01  0.2076E-02  0.8852E-01  0.8852E-01
  0.7677E+00  0.9265E-01  0.2064E-02  0.8737E-01  0.8737E-01
  0.7746E+00  0.8663E-01  0.2048E-02  0.8623E-01  0.8623E-01
  0.7815E+00  0.8104E-01  0.2041E-02  0.8511E-01  0.8511E-01
  0.7884E+00  0.8202E-01  0.2027E-02  0.8399E-01  0.8399E-01
  0.7953E+00  0.8066E-01  0.2017E-02  0.8289E-01  0.8289E-01
  0.8022E+00  0.7905E-01  0.2007E-02  0.8180E-01  0.8180E-01
  0.8091E+00  0.7979E-01  0.1995E-02  0.8073E-01  0.8073E-01
  0.8160E+00  0.7953E-01  0.1984E-02  0.7967E-01  0.7967E-01
  0.8229E+00  0.7748E-01  0.1977E-02  0.7862E-01  0.7862E-01
  0.8298E+00  0.7560E-01  0.1964E-02  0.7758E-01  0.7758E-01
  0.8367E+00  0.7695E-01  0.1957E-02  0.7656E-01  0.7656E-01
  0.8436E+00  0.7180E-01  0.1947E-02  0.7554E-01  0.7554E-01
  0.8505E+00  0.7685E-01  0.1935E-02  0.7455E-01  0.7455E-01
  0.8574E+00  0.7603E-01  0.1928E-02  0.7356E-01  0.7356E-01
  0.8643E+00  0.7640E-01  0.1919E-02  0.7259E-01  0.7259E-01
  0.8712E+00  0.7342E-01  0.1912E-02  0.7163E-01  0.7163E-01
  0.8781E+00  0.6779E-01  0.1895E-02  0.7068E-01  0.7068E-01
  0.8850E+00  0.7681E-01  0.1888E-02  0.6975E-01  0.6975E-01
  0.8919E+00  0.7205E-01  0.1883E-02  0.6883E-01  0.6883E-01
  0.8988E+00  0.6702E-01  0.1868E-02  0.6792E-01  0.6792E-01
  0.9057E+00  0.6402E-01  0.1866E-02  0.6703E-01  0.6703E-01
  0.9126E+00  0.6635E-01  0.1856E-02  0.6615E-01  0.6615E-01
  0.9195E+00  0.6810E-01  0.1848E-02  0.6528E-01  0.6528E-01
  0.9264E+00  0.6286E-01  0.1843E-02  0.6443E-01  0.6443E-01
  0.9333E+00  0.6246E-01  0.1833E-02  0.6359E-01  0.6359E-01
  0.9402E+00  0.6342E-01  0.1824E-02  0.6276E-01  0.6276E-01
  0.9471E+00  0.6524E-01  0.1820E-02  0.6194E-01  0.6194E-01
  0.9540E+00  0.5935E-01  0.1813E-02  0.6114E-01  0.6114E-01
  0.9609E+00  0.5816E-01  0.1801E-02  0.6035E-01  0.6035E-01
  0.9678E+00  0.5891E-01  0.1796E-02  0.5957E-01  0.5957E-01
  0.9747E+00  0.5333E-01  0.1790E-02  0.5881E-01  0.5881E-01
  0.9816E+00  0.5853E-01  0.1779E-02  0.5805E-01  0.5805E-01
  0.9885E+00  0.6148E-01  0.1773E-02  0.5731E-01  0.5731E-01
  0.9954E+00  0.6177E-01  0.1743E-02  0.5659E-01  0.5659E-01
  0.1002E+01  0.5765E-01  0.1865E-02  0.5587E-01  0.5587E-01
  0.1009E+01  0.5162E-01  0.1832E-02  0.5515E-01  0.5515E-01
  0.1016E+01  0.5578E-01  0.1765E-02  0.5449E-01  0.5449E-01
  0.1023E+01  0.5432E-01  0.1820E-02  0.5380E-01  0.5380E-01
  0.1030E+01  0.5274E-01  0.1887E-02  0.5312E-01  0.5312E-01
  0.1038E+01  0.5233E-01  0.1830E-02  0.5233E-01  0.5233E-01
  0.1046E+01  0.5123E-01  0.1796E-02  0.5161E-01  0.5161E-01
  0.1053E+01  0.4846E-01  0.1784E-02  0.5098E-01  0.5098E-01
  0.1060E+01  0.5331E-01  0.1863E-02  0.5035E-01  0.5035E-01
  0.1067E+01  0.5209E-01  0.1774E-02  0.4976E-01  0.4976E-01
  0.1074E+01  0.5313E-01  0.1769E-02  0.4915E-01  0.4915E-01
  0.1081E+01  0.5353E-01  0.1659E-02  0.4856E-01  0.4856E-01
  0.1087E+01  0.5086E-01  0.1742E-02  0.4800E-01  0.4800E-01
  0.1094E+01  0.4983E-01  0.1742E-02  0.4743E-01  0.4743E-01
  0.1101E+01  0.4777E-01  0.1743E-02  0.4687E-01  0.4687E-01
  0.1108E+01  0.4595E-01  0.1670E-02  0.4634E-01  0.4634E-01
  0.1115E+01  0.4737E-01  0.1731E-02  0.4580E-01  0.4580E-01
  0.1122E+01  0.4340E-01  0.1727E-02  0.4526E-01  0.4526E-01
  0.1129E+01  0.4812E-01  0.1789E-02  0.4474E-01  0.4474E-01
  0.1136E+01  0.4870E-01  0.1708E-02  0.4425E-01  0.4425E-01
  0.1143E+01  0.4679E-01  0.1704E-02  0.4375E-01  0.4375E-01
  0.1150E+01  0.4761E-01  0.1601E-02  0.4325E-01  0.4325E-01
  0.1156E+01  0.4708E-01  0.1682E-02  0.4279E-01  0.4279E-01
  0.1163E+01  0.4452E-01  0.1689E-02  0.4231E-01  0.4231E-01
  0.1170E+01  0.4392E-01  0.1683E-02  0.4184E-01  0.4184E-01
  0.1177E+01  0.3649E-01  0.1613E-02  0.4140E-01  0.4140E-01
  0.1184E+01  0.4195E-01  0.1673E-02  0.4095E-01  0.4095E-01
  0.1191E+01  0.4500E-01  0.1668E-02  0.4051E-01  0.4051E-01
  0.1198E+01  0.4190E-01  0.1735E-02  0.4007E-01  0.4007E-01
  0.1205E+01  0.4108E-01  0.1650E-02  0.3966E-01  0.3966E-01
  0.1212E+01  0.4004E-01  0.1651E-02  0.3924E-01  0.3924E-01
  0.1219E+01  0.3880E-01  0.1360E-02  0.3883E-01  0.3883E-01
  0.1225E+01  0.3517E-01  0.8357E-03  0.3844E-01  0.3844E-01
  0.1232E+01  0.3839E-01  0.8361E-03  0.3804E-01  0.3804E-01
  0.1239E+01  0.3945E-01  0.8345E-03  0.3765E-01  0.3765E-01
  0.1246E+01  0.3603E-01  0.8026E-03  0.3729E-01  0.3729E-01
  0.1253E+01  0.3714E-01  0.8291E-03  0.3691E-01  0.3691E-01
  0.1260E+01  0.3660E-01  0.8286E-03  0.3654E-01  0.3654E-01
  0.1267E+01  0.3614E-01  0.8617E-03  0.3617E-01  0.3617E-01
  0.1274E+01  0.3612E-01  0.8241E-03  0.3583E-01  0.3583E-01
  0.1281E+01  0.3718E-01  0.8236E-03  0.3548E-01  0.3548E-01
  0.1288E+01  0.3736E-01  0.7763E-03  0.3513E-01  0.3513E-01
  0.1294E+01  0.3710E-01  0.8116E-03  0.3480E-01  0.3480E-01
  0.1301E+01  0.3405E-01  0.8162E-03  0.3447E-01  0.3447E-01
  0.1308E+01  0.3237E-01  0.8155E-03  0.3414E-01  0.3414E-01
  0.1315E+01  0.3274E-01  0.7872E-03  0.3383E-01  0.3383E-01
  0.1322E+01  0.2984E-01  0.8218E-03  0.3351E-01  0.3351E-01
  0.1329E+01  0.3255E-01  0.8275E-03  0.3319E-01  0.3319E-01
  0.1336E+01  0.3123E-01  0.8705E-03  0.3288E-01  0.3288E-01
  0.1343E+01  0.3203E-01  0.3485E-03  0.3259E-01  0.3259E-01
  0.1350E+01  0.3247E-01  0.3487E-03  0.3229E-01  0.3229E-01
  0.1357E+01  0.3225E-01  0.3292E-03  0.3199E-01  0.3199E-01
  0.1363E+01  0.3172E-01  0.3473E-03  0.3172E-01  0.3172E-01
  0.1370E+01  0.3101E-01  0.3496E-03  0.3143E-01  0.3143E-01
  0.1377E+01  0.3084E-01  0.3491E-03  0.3114E-01  0.3114E-01
  0.1384E+01  0.3088E-01  0.3381E-03  0.3088E-01  0.3088E-01
  0.1391E+01  0.2982E-01  0.3487E-03  0.3060E-01  0.3060E-01
  0.1398E+01  0.3018E-01  0.3500E-03  0.3033E-01  0.3033E-01
  0.1405E+01  0.3037E-01  0.3653E-03  0.3006E-01  0.3006E-01
  0.1412E+01  0.2972E-01  0.3494E-03  0.2981E-01  0.2981E-01
  0.1419E+01  0.2948E-01  0.3491E-03  0.2955E-01  0.2955E-01
  0.1426E+01  0.2967E-01  0.3302E-03  0.2929E-01  0.2929E-01
  0.1432E+01  0.2972E-01  0.3472E-03  0.2904E-01  0.2904E-01
  0.1439E+01  0.2848E-01  0.3494E-03  0.2879E-01  0.2879E-01
  0.1446E+01  0.2851E-01  0.3491E-03  0.2854E-01  0.2854E-01
  0.1453E+01  0.2858E-01  0.3376E-03  0.2831E-01  0.2831E-01
  0.1460E+01  0.2923E-01  0.3480E-03  0.2806E-01  0.2806E-01
  0.1467E+01  0.2806E-01  0.3484E-03  0.2782E-01  0.2782E-01
  0.1474E+01  0.2809E-01  0.3640E-03  0.2758E-01  0.2758E-01
  0.1481E+01  0.2677E-01  0.3489E-03  0.2736E-01  0.2736E-01
  0.1488E+01  0.2695E-01  0.3481E-03  0.2713E-01  0.2713E-01
  0.1495E+01  0.2733E-01  0.3277E-03  0.2690E-01  0.2690E-01
  0.1501E+01  0.2633E-01  0.3457E-03  0.2668E-01  0.2668E-01
  0.1508E+01  0.2628E-01  0.3478E-03  0.2645E-01  0.2645E-01
  0.1515E+01  0.2576E-01  0.3472E-03  0.2623E-01  0.2623E-01
  0.1522E+01  0.2570E-01  0.3346E-03  0.2602E-01  0.2602E-01
  0.1529E+01  0.2523E-01  0.3467E-03  0.2580E-01  0.2580E-01
  0.1536E+01  0.2539E-01  0.3463E-03  0.2558E-01  0.2558E-01
  0.1543E+01  0.2500E-01  0.3619E-03  0.2536E-01  0.2536E-01
  0.1550E+01  0.2548E-01  0.3462E-03  0.2516E-01  0.2516E-01
  0.1557E+01  0.2431E-01  0.3466E-03  0.2495E-01  0.2495E-01
  0.1564E+01  0.2422E-01  0.3265E-03  0.2474E-01  0.2474E-01
  0.1570E+01  0.2480E-01  0.3433E-03  0.2454E-01  0.2454E-01
  0.1577E+01  0.2598E-01  0.3447E-03  0.2433E-01  0.2433E-01
  0.1584E+01  0.2448E-01  0.3460E-03  0.2413E-01  0.2413E-01
  0.1591E+01  0.2333E-01  0.3328E-03  0.2393E-01  0.2393E-01
  0.1598E+01  0.2379E-01  0.3453E-03  0.2373E-01  0.2373E-01
  0.1605E+01  0.2354E-01  0.3451E-03  0.2353E-01  0.2353E-01
  0.1612E+01  0.2393E-01  0.3603E-03  0.2333E-01  0.2333E-01
  0.1619E+01  0.2400E-01  0.3441E-03  0.2314E-01  0.2314E-01
  0.1626E+01  0.2377E-01  0.3442E-03  0.2295E-01  0.2295E-01
  0.1633E+01  0.2270E-01  0.3431E-03  0.2275E-01  0.2275E-01
  0.1640E+01  0.2168E-01  0.3241E-03  0.2256E-01  0.2256E-01
  0.1646E+01  0.2273E-01  0.3411E-03  0.2238E-01  0.2238E-01
  0.1653E+01  0.2187E-01  0.3433E-03  0.2219E-01  0.2219E-01
  0.1660E+01  0.2176E-01  0.3426E-03  0.2200E-01  0.2200E-01
  0.1667E+01  0.2176E-01  0.3306E-03  0.2182E-01  0.2182E-01
  0.1674E+01  0.2184E-01  0.3421E-03  0.2163E-01  0.2163E-01
  0.1681E+01  0.2107E-01  0.3428E-03  0.2145E-01  0.2145E-01
  0.1688E+01  0.2072E-01  0.3564E-03  0.2126E-01  0.2126E-01
  0.1695E+01  0.2146E-01  0.3422E-03  0.2109E-01  0.2109E-01
  0.1702E+01  0.2154E-01  0.3413E-03  0.2091E-01  0.2091E-01
  0.1709E+01  0.2079E-01  0.3222E-03  0.2073E-01  0.2073E-01
  0.1715E+01  0.2055E-01  0.3385E-03  0.2055E-01  0.2055E-01
  0.1722E+01  0.2019E-01  0.3412E-03  0.2038E-01  0.2038E-01
  0.1729E+01  0.2010E-01  0.3407E-03  0.2020E-01  0.2020E-01
  0.1736E+01  0.2099E-01  0.3284E-03  0.2003E-01  0.2003E-01
  0.1743E+01  0.2030E-01  0.3395E-03  0.1986E-01  0.1986E-01
  0.1750E+01  0.1988E-01  0.3398E-03  0.1968E-01  0.1968E-01
  0.1757E+01  0.1901E-01  0.3541E-03  0.1951E-01  0.1951E-01
  0.1764E+01  0.2020E-01  0.3399E-03  0.1935E-01  0.1935E-01
  0.1771E+01  0.1941E-01  0.3391E-03  0.1918E-01  0.1918E-01
  0.1778E+01  0.1946E-01  0.3190E-03  0.1901E-01  0.1901E-01
  0.1784E+01  0.1923E-01  0.3359E-03  0.1884E-01  0.1884E-01
  0.1791E+01  0.1869E-01  0.3395E-03  0.1868E-01  0.1868E-01
  0.1798E+01  0.1812E-01  0.3375E-03  0.1851E-01  0.1851E-01
  0.1805E+01  0.1826E-01  0.3260E-03  0.1835E-01  0.1835E-01
  0.1812E+01  0.1783E-01  0.3381E-03  0.1819E-01  0.1819E-01
  0.1819E+01  0.1829E-01  0.3375E-03  0.1803E-01  0.1803E-01
  0.1826E+01  0.1794E-01  0.3520E-03  0.1786E-01  0.1786E-01
  0.1833E+01  0.1771E-01  0.3361E-03  0.1771E-01  0.1771E-01
  0.1840E+01  0.1669E-01  0.3355E-03  0.1755E-01  0.1755E-01
  0.1847E+01  0.1688E-01  0.3167E-03  0.1739E-01  0.1739E-01
  0.1853E+01  0.1749E-01  0.3339E-03  0.1724E-01  0.1724E-01
  0.1860E+01  0.1753E-01  0.3348E-03  0.1708E-01  0.1708E-01
  0.1867E+01  0.1719E-01  0.3354E-03  0.1693E-01  0.1693E-01
  0.1874E+01  0.1705E-01  0.3228E-03  0.1678E-01  0.1678E-01
  0.1881E+01  0.1666E-01  0.3351E-03  0.1662E-01  0.1662E-01
  0.1888E+01  0.1733E-01  0.3347E-03  0.1647E-01  0.1647E-01
  0.1895E+01  0.1700E-01  0.3486E-03  0.1632E-01  0.1632E-01
  0.1902E+01  0.1687E-01  0.3336E-03  0.1618E-01  0.1618E-01
  0.1909E+01  0.1647E-01  0.3340E-03  0.1603E-01  0.1603E-01
  0.1916E+01  0.1633E-01  0.3141E-03  0.1588E-01  0.1588E-01
  0.1922E+01  0.1618E-01  0.3316E-03  0.1574E-01  0.1574E-01
  0.1929E+01  0.1529E-01  0.3332E-03  0.1559E-01  0.1559E-01
  0.1936E+01  0.1609E-01  0.3334E-03  0.1544E-01  0.1544E-01
  0.1943E+01  0.1527E-01  0.3203E-03  0.1531E-01  0.1531E-01
  0.1950E+01  0.1543E-01  0.3328E-03  0.1516E-01  0.1516E-01
  0.1957E+01  0.1378E-01  0.3313E-03  0.1502E-01  0.1502E-01
  0.1964E+01  0.1442E-01  0.3472E-03  0.1488E-01  0.1488E-01
  0.1971E+01  0.1486E-01  0.3311E-03  0.1474E-01  0.1474E-01
  0.1978E+01  0.1442E-01  0.3328E-03  0.1460E-01  0.1460E-01
  0.1985E+01  0.1483E-01  0.3146E-03  0.1446E-01  0.1446E-01
  0.1991E+01  0.1509E-01  0.3329E-03  0.1433E-01  0.1433E-01
  0.1998E+01  0.1408E-01  0.3354E-03  0.1420E-01  0.1420E-01
  0.2005E+01  0.1426E-01  0.3368E-03  0.1406E-01  0.1406E-01
  0.2012E+01  0.1404E-01  0.3248E-03  0.1393E-01  0.1393E-01
  0.2019E+01  0.1357E-01  0.3381E-03  0.1380E-01  0.1380E-01
  0.2026E+01  0.1381E-01  0.3386E-03  0.1366E-01  0.1366E-01
  0.2033E+01  0.1282E-01  0.3546E-03  0.1353E-01  0.1353E-01
  0.2040E+01  0.1345E-01  0.3409E-03  0.1341E-01  0.1341E-01
  0.2047E+01  0.1396E-01  0.3420E-03  0.1328E-01  0.1328E-01
  0.2054E+01  0.1314E-01  0.3231E-03  0.1315E-01  0.1315E-01
  0.2060E+01  0.1223E-01  0.3404E-03  0.1303E-01  0.1303E-01
  0.2067E+01  0.1255E-01  0.3443E-03  0.1290E-01  0.1290E-01
  0.2074E+01  0.1208E-01  0.3456E-03  0.1277E-01  0.1277E-01
  0.2081E+01  0.1252E-01  0.3329E-03  0.1266E-01  0.1266E-01
  0.2088E+01  0.1278E-01  0.3467E-03  0.1253E-01  0.1253E-01
  0.2095E+01  0.1292E-01  0.3477E-03  0.1241E-01  0.1241E-01
  0.2102E+01  0.1247E-01  0.3632E-03  0.1229E-01  0.1229E-01
  0.2109E+01  0.1170E-01  0.3498E-03  0.1217E-01  0.1217E-01
  0.2116E+01  0.1262E-01  0.3495E-03  0.1205E-01  0.1205E-01
  0.2123E+01  0.1243E-01  0.3291E-03  0.1193E-01  0.1193E-01
  0.2129E+01  0.1222E-01  0.3459E-03  0.1182E-01  0.1182E-01
  0.2136E+01  0.1143E-01  0.3481E-03  0.1170E-01  0.1170E-01
  0.2143E+01  0.1150E-01  0.3467E-03  0.1158E-01  0.1158E-01
  0.2150E+01  0.1106E-01  0.3353E-03  0.1148E-01  0.1148E-01
  0.2157E+01  0.1219E-01  0.3475E-03  0.1136E-01  0.1136E-01
  0.2164E+01  0.1128E-01  0.3471E-03  0.1125E-01  0.1125E-01
  0.2171E+01  0.1116E-01  0.3613E-03  0.1113E-01  0.1113E-01
  0.2178E+01  0.1097E-01  0.3468E-03  0.1103E-01  0.1103E-01
  0.2185E+01  0.1026E-01  0.3470E-03  0.1092E-01  0.1092E-01
  0.2192E+01  0.1097E-01  0.3266E-03  0.1081E-01  0.1081E-01
  0.2198E+01  0.1090E-01  0.3429E-03  0.1070E-01  0.1070E-01
  0.2205E+01  0.1050E-01  0.3462E-03  0.1060E-01  0.1060E-01
  0.2212E+01  0.1089E-01  0.3453E-03  0.1049E-01  0.1049E-01
  0.2219E+01  0.1088E-01  0.3326E-03  0.1039E-01  0.1039E-01
  0.2226E+01  0.9253E-02  0.3443E-03  0.1028E-01  0.1028E-01
  0.2233E+01  0.1036E-01  0.3456E-03  0.1018E-01  0.1018E-01
  0.2240E+01  0.1014E-01  0.3590E-03  0.1007E-01  0.1007E-01
  0.2247E+01  0.9643E-02  0.3445E-03  0.9976E-02  0.9976E-02
  0.2254E+01  0.9537E-02  0.3439E-03  0.9874E-02  0.9874E-02
  0.2261E+01  0.1036E-01  0.3243E-03  0.9774E-02  0.9774E-02
  0.2267E+01  0.1026E-01  0.3411E-03  0.9678E-02  0.9678E-02
  0.2274E+01  0.9747E-02  0.3436E-03  0.9579E-02  0.9579E-02
  0.2281E+01  0.9737E-02  0.3431E-03  0.9481E-02  0.9481E-02
  0.2288E+01  0.9578E-02  0.3321E-03  0.9389E-02  0.9389E-02
  0.2295E+01  0.9150E-02  0.3435E-03  0.9292E-02  0.9292E-02
  0.2302E+01  0.9515E-02  0.3437E-03  0.9197E-02  0.9197E-02
  0.2309E+01  0.9062E-02  0.3570E-03  0.9102E-02  0.9102E-02
  0.2316E+01  0.8595E-02  0.3422E-03  0.9013E-02  0.9013E-02
  0.2323E+01  0.8325E-02  0.3422E-03  0.8920E-02  0.8920E-02
  0.2330E+01  0.8295E-02  0.3231E-03  0.8828E-02  0.8828E-02
  0.2336E+01  0.8900E-02  0.3400E-03  0.8741E-02  0.8741E-02
  0.2343E+01  0.9005E-02  0.3424E-03  0.8651E-02  0.8651E-02
  0.2350E+01  0.8315E-02  0.3417E-03  0.8561E-02  0.8561E-02
  0.2357E+01  0.7997E-02  0.3289E-03  0.8477E-02  0.8477E-02
  0.2364E+01  0.8066E-02  0.3408E-03  0.8389E-02  0.8389E-02
  0.2371E+01  0.8652E-02  0.3419E-03  0.8303E-02  0.8303E-02
  0.2378E+01  0.8625E-02  0.3560E-03  0.8217E-02  0.8217E-02
  0.2385E+01  0.7458E-02  0.3406E-03  0.8136E-02  0.8136E-02
  0.2392E+01  0.8721E-02  0.3412E-03  0.8051E-02  0.8051E-02
  0.2399E+01  0.8226E-02  0.3202E-03  0.7968E-02  0.7968E-02
  0.2405E+01  0.7460E-02  0.3370E-03  0.7890E-02  0.7890E-02
  0.2412E+01  0.6916E-02  0.3392E-03  0.7808E-02  0.7808E-02
  0.2419E+01  0.7495E-02  0.3388E-03  0.7727E-02  0.7727E-02
  0.2426E+01  0.8083E-02  0.3266E-03  0.7651E-02  0.7651E-02
  0.2433E+01  0.7379E-02  0.3393E-03  0.7572E-02  0.7572E-02
  0.2440E+01  0.8355E-02  0.3390E-03  0.7494E-02  0.7494E-02
  0.2447E+01  0.7397E-02  0.3548E-03  0.7417E-02  0.7417E-02
  0.2454E+01  0.7490E-02  0.3376E-03  0.7344E-02  0.7344E-02
  0.2461E+01  0.7422E-02  0.3385E-03  0.7268E-02  0.7268E-02
  0.2468E+01  0.7112E-02  0.3176E-03  0.7193E-02  0.7193E-02
  0.2474E+01  0.7111E-02  0.3334E-03  0.7123E-02  0.7123E-02
  0.2481E+01  0.7784E-02  0.3343E-03  0.7050E-02  0.7050E-02
  0.2488E+01  0.7945E-02  0.3332E-03  0.6978E-02  0.6978E-02
  0.2495E+01  0.6692E-02  0.3187E-03  0.6910E-02  0.6910E-02
  0.2502E+01  0.7689E-02  0.3293E-03  0.6839E-02  0.6839E-02
  0.2509E+01  0.7582E-02  0.3286E-03  0.6770E-02  0.6770E-02
  0.2516E+01  0.6523E-02  0.3418E-03  0.6701E-02  0.6701E-02
  0.2523E+01  0.6982E-02  0.3257E-03  0.6636E-02  0.6636E-02
  0.2530E+01  0.6402E-02  0.3238E-03  0.6569E-02  0.6569E-02
  0.2537E+01  0.6789E-02  0.3053E-03  0.6503E-02  0.6503E-02
  0.2543E+01  0.5248E-02  0.3199E-03  0.6440E-02  0.6440E-02
  0.2550E+01  0.5609E-02  0.3214E-03  0.6376E-02  0.6376E-02
  0.2557E+01  0.6259E-02  0.3202E-03  0.6312E-02  0.6312E-02
  0.2564E+01  0.5916E-02  0.3070E-03  0.6252E-02  0.6252E-02
  0.2571E+01  0.6357E-02  0.3173E-03  0.6190E-02  0.6190E-02
  0.2578E+01  0.5865E-02  0.3167E-03  0.6129E-02  0.6129E-02
  0.2585E+01  0.5836E-02  0.3289E-03  0.6069E-02  0.6069E-02
  0.2592E+01  0.5885E-02  0.3157E-03  0.6012E-02  0.6012E-02
  0.2599E+01  0.5702E-02  0.3151E-03  0.5953E-02  0.5953E-02
  0.2606E+01  0.6211E-02  0.2976E-03  0.5895E-02  0.5895E-02
  0.2612E+01  0.5868E-02  0.3138E-03  0.5841E-02  0.5841E-02
  0.2619E+01  0.5445E-02  0.3154E-03  0.5785E-02  0.5785E-02
  0.2626E+01  0.5528E-02  0.3143E-03  0.5730E-02  0.5730E-02
  0.2633E+01  0.5570E-02  0.3042E-03  0.5678E-02  0.5678E-02
  0.2640E+01  0.5158E-02  0.3137E-03  0.5624E-02  0.5624E-02
  0.2647E+01  0.4919E-02  0.3147E-03  0.5571E-02  0.5571E-02
  0.2654E+01  0.5441E-02  0.3275E-03  0.5519E-02  0.5519E-02
  0.2661E+01  0.5445E-02  0.3140E-03  0.5470E-02  0.5470E-02
  0.2668E+01  0.5325E-02  0.3138E-03  0.5419E-02  0.5419E-02
  0.2675E+01  0.5064E-02  0.2962E-03  0.5370E-02  0.5370E-02
  0.2681E+01  0.4577E-02  0.3114E-03  0.5323E-02  0.5323E-02
  0.2688E+01  0.4827E-02  0.3135E-03  0.5275E-02  0.5275E-02
  0.2695E+01  0.4818E-02  0.3138E-03  0.5228E-02  0.5228E-02
  0.2702E+01  0.5696E-02  0.3019E-03  0.5183E-02  0.5183E-02
  0.2709E+01  0.5288E-02  0.3130E-03  0.5138E-02  0.5138E-02
  0.2716E+01  0.4731E-02  0.3141E-03  0.5093E-02  0.5093E-02
  0.2723E+01  0.4656E-02  0.3264E-03  0.5048E-02  0.5048E-02
  0.2730E+01  0.4732E-02  0.3138E-03  0.5007E-02  0.5007E-02
  0.2737E+01  0.4857E-02  0.3122E-03  0.4964E-02  0.4964E-02
  0.2744E+01  0.4922E-02  0.2948E-03  0.4922E-02  0.4922E-02
  0.2750E+01  0.4900E-02  0.3103E-03  0.4883E-02  0.4883E-02
  0.2757E+01  0.4863E-02  0.3127E-03  0.4842E-02  0.4842E-02
  0.2764E+01  0.4982E-02  0.3123E-03  0.4803E-02  0.4803E-02
  0.2771E+01  0.4447E-02  0.3022E-03  0.4765E-02  0.4765E-02
  0.2778E+01  0.3433E-02  0.3116E-03  0.4727E-02  0.4727E-02
  0.2785E+01  0.3761E-02  0.3124E-03  0.4689E-02  0.4689E-02
  0.2792E+01  0.5914E-02  0.3248E-03  0.4652E-02  0.4652E-02
  0.2799E+01  0.4879E-02  0.3125E-03  0.4618E-02  0.4618E-02
  0.2806E+01  0.4234E-02  0.3117E-03  0.4582E-02  0.4582E-02
  0.2813E+01  0.4258E-02  0.2942E-03  0.4547E-02  0.4547E-02
  0.2819E+01  0.3423E-02  0.3099E-03  0.4515E-02  0.4515E-02
  0.2826E+01  0.4133E-02  0.3118E-03  0.4481E-02  0.4481E-02
  0.2833E+01  0.4021E-02  0.3125E-03  0.4448E-02  0.4448E-02
  0.2840E+01  0.3261E-02  0.3011E-03  0.4417E-02  0.4417E-02
  0.2847E+01  0.4046E-02  0.3114E-03  0.4386E-02  0.4386E-02
  0.2854E+01  0.4506E-02  0.3115E-03  0.4354E-02  0.4354E-02
  0.2861E+01  0.4416E-02  0.3252E-03  0.4324E-02  0.4324E-02
  0.2868E+01  0.4234E-02  0.3121E-03  0.4295E-02  0.4295E-02
  0.2875E+01  0.4435E-02  0.3123E-03  0.4266E-02  0.4266E-02
  0.2882E+01  0.4790E-02  0.2939E-03  0.4237E-02  0.4237E-02
  0.2888E+01  0.4267E-02  0.3093E-03  0.4211E-02  0.4211E-02
  0.2895E+01  0.4275E-02  0.3120E-03  0.4183E-02  0.4183E-02
  0.2902E+01  0.3395E-02  0.3113E-03  0.4156E-02  0.4156E-02
  0.2909E+01  0.3763E-02  0.3001E-03  0.4131E-02  0.4131E-02
  0.2916E+01  0.4762E-02  0.3118E-03  0.4105E-02  0.4105E-02
  0.2923E+01  0.4071E-02  0.3112E-03  0.4079E-02  0.4079E-02
  0.2930E+01  0.4048E-02  0.3251E-03  0.4054E-02  0.4054E-02
  0.2937E+01  0.4212E-02  0.3113E-03  0.4031E-02  0.4031E-02
  0.2944E+01  0.3597E-02  0.3117E-03  0.4007E-02  0.4007E-02
  0.2951E+01  0.4228E-02  0.2938E-03  0.3983E-02  0.3983E-02
  0.2957E+01  0.4395E-02  0.3096E-03  0.3961E-02  0.3961E-02
  0.2964E+01  0.3601E-02  0.3111E-03  0.3938E-02  0.3938E-02
  0.2971E+01  0.3539E-02  0.3115E-03  0.3916E-02  0.3916E-02
  0.2978E+01  0.2608E-02  0.3003E-03  0.3895E-02  0.3895E-02
  0.2985E+01  0.3692E-02  0.3119E-03  0.3874E-02  0.3874E-02
  0.2992E+01  0.3423E-02  0.3116E-03  0.3853E-02  0.3853E-02
  0.2999E+01  0.3945E-02  0.3250E-03  0.3833E-02  0.3833E-02
  0.3006E+01  0.3565E-02  0.3112E-03  0.3813E-02  0.3813E-02
  0.3013E+01  0.3806E-02  0.3120E-03  0.3793E-02  0.3793E-02
  0.3020E+01  0.3481E-02  0.3115E-03  0.3774E-02  0.3774E-02
  0.3027E+01  0.3415E-02  0.2935E-03  0.3755E-02  0.3755E-02
  0.3033E+01  0.3906E-02  0.3086E-03  0.3737E-02  0.3737E-02
  0.3040E+01  0.3572E-02  0.3120E-03  0.3718E-02  0.3718E-02
  0.3047E+01  0.3495E-02  0.3112E-03  0.3700E-02  0.3700E-02
  0.3054E+01  0.4271E-02  0.3007E-03  0.3683E-02  0.3683E-02
  0.3061E+01  0.3120E-02  0.3121E-03  0.3666E-02  0.3666E-02

           Distance distribution  function of particle  


       R          P(R)      ERROR

  0.0000E+00  0.0000E+00  0.0000E+00
  0.7100E-01  0.2036E-03  0.2199E-05
  0.1420E+00  0.4221E-03  0.3764E-05
  0.2130E+00  0.6548E-03  0.4723E-05
  0.2840E+00  0.9001E-03  0.5125E-05
  0.3550E+00  0.1156E-02  0.5036E-05
  0.4260E+00  0.1421E-02  0.4548E-05
  0.4970E+00  0.1692E-02  0.3795E-05
  0.5680E+00  0.1965E-02  0.3012E-05
  0.6390E+00  0.2239E-02  0.2648E-05
  0.7100E+00  0.2509E-02  0.3135E-05
  0.7810E+00  0.2772E-02  0.4262E-05
  0.8520E+00  0.3025E-02  0.5625E-05
  0.9230E+00  0.3265E-02  0.6999E-05
  0.9940E+00  0.3489E-02  0.8266E-05
  0.1065E+01  0.3694E-02  0.9359E-05
  0.1136E+01  0.3878E-02  0.1024E-04
  0.1207E+01  0.4039E-02  0.1089E-04
  0.1278E+01  0.4177E-02  0.1133E-04
  0.1349E+01  0.4289E-02  0.1157E-04
  0.1420E+01  0.4377E-02  0.1167E-04
  0.1491E+01  0.4439E-02  0.1169E-04
  0.1562E+01  0.4478E-02  0.1170E-04
  0.1633E+01  0.4493E-02  0.1177E-04
  0.1704E+01  0.4487E-02  0.1194E-04
  0.1775E+01  0.4461E-02  0.1225E-04
  0.1846E+01  0.4418E-02  0.1269E-04
  0.1917E+01  0.4361E-02  0.1322E-04
  0.1988E+01  0.4291E-02  0.1379E-04
  0.2059E+01  0.4211E-02  0.1434E-04
  0.2130E+01  0.4125E-02  0.1484E-04
  0.2201E+01  0.4034E-02  0.1524E-04
  0.2272E+01  0.3942E-02  0.1553E-04
  0.2343E+01  0.3850E-02  0.1571E-04
  0.2414E+01  0.3761E-02  0.1580E-04
  0.2485E+01  0.3677E-02  0.1583E-04
  0.2556E+01  0.3598E-02  0.1585E-04
  0.2627E+01  0.3526E-02  0.1591E-04
  0.2698E+01  0.3462E-02  0.1604E-04
  0.2769E+01  0.3405E-02  0.1629E-04
  0.2840E+01  0.3356E-02  0.1666E-04
  0.2911E+01  0.3315E-02  0.1714E-04
  0.2982E+01  0.3280E-02  0.1772E-04
  0.3053E+01  0.3251E-02  0.1833E-04
  0.3124E+01  0.3226E-02  0.1895E-04
  0.3195E+01  0.3205E-02  0.1953E-04
  0.3266E+01  0.3186E-02  0.2004E-04
  0.3337E+01  0.3167E-02  0.2046E-04
  0.3408E+01  0.3147E-02  0.2079E-04
  0.3479E+01  0.3125E-02  0.2104E-04
  0.3550E+01  0.3099E-02  0.2124E-04
  0.3621E+01  0.3068E-02  0.2141E-04
  0.3692E+01  0.3031E-02  0.2160E-04
  0.3763E+01  0.2987E-02  0.2183E-04
  0.3834E+01  0.2937E-02  0.2214E-04
  0.3905E+01  0.2878E-02  0.2255E-04
  0.3976E+01  0.2812E-02  0.2305E-04
  0.4047E+01  0.2739E-02  0.2363E-04
  0.4118E+01  0.2658E-02  0.2427E-04
  0.4189E+01  0.2571E-02  0.2494E-04
  0.4260E+01  0.2478E-02  0.2559E-04
  0.4331E+01  0.2381E-02  0.2621E-04
  0.4402E+01  0.2279E-02  0.2674E-04
  0.4473E+01  0.2174E-02  0.2719E-04
  0.4544E+01  0.2068E-02  0.2753E-04
  0.4615E+01  0.1960E-02  0.2777E-04
  0.4686E+01  0.1853E-02  0.2790E-04
  0.4757E+01  0.1748E-02  0.2793E-04
  0.4828E+01  0.1644E-02  0.2789E-04
  0.4899E+01  0.1544E-02  0.2779E-04
  0.4970E+01  0.1447E-02  0.2765E-04
  0.5041E+01  0.1355E-02  0.2747E-04
  0.5112E+01  0.1267E-02  0.2728E-04
  0.5183E+01  0.1184E-02  0.2709E-04
  0.5254E+01  0.1106E-02  0.2689E-04
  0.5325E+01  0.1033E-02  0.2671E-04
  0.5396E+01  0.9646E-03  0.2654E-04
  0.5467E+01  0.9008E-03  0.2639E-04
  0.5538E+01  0.8411E-03  0.2626E-04
  0.5609E+01  0.7852E-03  0.2617E-04
  0.5680E+01  0.7327E-03  0.2611E-04
  0.5751E+01  0.6831E-03  0.2610E-04
  0.5822E+01  0.6360E-03  0.2612E-04
  0.5893E+01  0.5909E-03  0.2619E-04
  0.5964E+01  0.5475E-03  0.2627E-04
  0.6035E+01  0.5055E-03  0.2636E-04
  0.6106E+01  0.4646E-03  0.2642E-04
  0.6177E+01  0.4245E-03  0.2641E-04
  0.6248E+01  0.3853E-03  0.2629E-04
  0.6319E+01  0.3467E-03  0.2601E-04
  0.6390E+01  0.3089E-03  0.2552E-04
  0.6461E+01  0.2719E-03  0.2477E-04
  0.6532E+01  0.2357E-03  0.2371E-04
  0.6603E+01  0.2007E-03  0.2231E-04
  0.6674E+01  0.1669E-03  0.2052E-04
  0.6745E+01  0.1345E-03  0.1831E-04
  0.6816E+01  0.1038E-03  0.1564E-04
  0.6887E+01  0.7482E-04  0.1250E-04
  0.6958E+01  0.4782E-04  0.8855E-05
  0.7029E+01  0.2286E-04  0.4693E-05
  0.7100E+01  0.0000E+00  0.0000E+00
          Reciprocal space: Rg =    2.16     , I(0) =   0.2017E+00
     Real space: Rg =    2.17 +- 0.010  I(0) =   0.2017E+00 +-  0.1002E-02
